#
# A fatal error has been detected by the Java Runtime Environment:
#
#  EXCEPTION_ACCESS_VIOLATION (0xc0000005) at pc=0x00007ffe18bc300b, pid=20992, tid=2716
#
# JRE version: OpenJDK Runtime Environment Temurin-17.0.6+10 (17.0.6+10) (build 17.0.6+10)
# Java VM: OpenJDK 64-Bit Server VM Temurin-17.0.6+10 (17.0.6+10, mixed mode, tiered, compressed oops, compressed class ptrs, parallel gc, windows-amd64)
# Problematic frame:
# V  [jvm.dll+0x7a300b]
#
# No core dump will be written. Minidumps are not enabled by default on client versions of Windows
#
# If you would like to submit a bug report, please visit:
#   https://github.com/adoptium/adoptium-support/issues
#

---------------  S U M M A R Y ------------

Command Line: --add-modules=ALL-SYSTEM --add-opens=java.base/java.util=ALL-UNNAMED --add-opens=java.base/java.lang=ALL-UNNAMED --add-opens=java.base/sun.nio.fs=ALL-UNNAMED -Declipse.application=org.eclipse.jdt.ls.core.id1 -Dosgi.bundles.defaultStartLevel=4 -Declipse.product=org.eclipse.jdt.ls.core.product -Djava.import.generatesMetadataFilesAtProjectRoot=false -Dfile.encoding=utf8 -XX:+UseParallelGC -XX:GCTimeRatio=4 -XX:AdaptiveSizePolicyWeight=90 -Dsun.zip.disableMemoryMapping=true -Xmx2G -Xms100m -Xlog:disable -javaagent:c:\Users\carly\.vscode\extensions\redhat.java-1.17.0-win32-x64\lombok\lombok-1.18.24.jar -XX:+HeapDumpOnOutOfMemoryError -XX:HeapDumpPath=c:\Users\carly\AppData\Roaming\Code\User\workspaceStorage\881cdab1a413fb30fcea5dbc438927fe\redhat.java -Daether.dependencyCollector.impl=bf c:\Users\carly\.vscode\extensions\redhat.java-1.17.0-win32-x64\server\plugins\org.eclipse.equinox.launcher_1.6.400.v20210924-0641.jar -configuration c:\Users\carly\AppData\Roaming\Code\User\globalStorage\redhat.java\1.17.0\config_win -data c:\Users\carly\AppData\Roaming\Code\User\workspaceStorage\881cdab1a413fb30fcea5dbc438927fe\redhat.java\jdt_ws

Host: AMD Ryzen 7 4700U with Radeon Graphics         , 8 cores, 31G,  Windows 11 , 64 bit Build 22621 (10.0.22621.1485)
Time: Sat Apr 29 13:00:23 2023 Tocantins Standard Time elapsed time: 40828.925608 seconds (0d 11h 20m 28s)

---------------  T H R E A D  ---------------

Current thread (0x000001eea7a86090):  JavaThread "Service Thread" daemon [_thread_in_vm, id=2716, stack(0x000000e4ba600000,0x000000e4ba700000)]

Stack: [0x000000e4ba600000,0x000000e4ba700000],  sp=0x000000e4ba6feca0,  free space=1019k
Native frames: (J=compiled Java code, j=interpreted, Vv=VM code, C=native code)
V  [jvm.dll+0x7a300b]
V  [jvm.dll+0x7a44c5]
V  [jvm.dll+0x6dad72]
V  [jvm.dll+0x7ea2cb]
V  [jvm.dll+0x7e483a]
V  [jvm.dll+0x6762c5]
C  [ucrtbase.dll+0x29363]
C  [KERNEL32.DLL+0x1269d]
C  [ntdll.dll+0x5a9f8]


siginfo: EXCEPTION_ACCESS_VIOLATION (0xc0000005), reading address 0x000001ee2fa0d050


Register to memory mapping:

RIP=0x00007ffe18bc300b jvm.dll
RAX=0x000001ee2fa0d050 is an unknown value
RBX=0x0 is NULL
RCX=0x000000003ed20004 is an unknown value
RDX=0x000001eeafa0cb10 points into unknown readable memory: 0x000001eeaaab7570 | 70 75 ab aa ee 01 00 00
RSP=0x000000e4ba6feca0 is pointing into the stack for thread: 0x000001eea7a86090
RBP=0x0000000000002000 is an unknown value
RSI=0x0000000000001216 is an unknown value
RDI=0x000001ee8fcd7bf8 points into unknown readable memory: 0x000001eea8e98170 | 70 81 e9 a8 ee 01 00 00
R8 =0x000001eea7bda0a0 points into unknown readable memory: 0x0000000000000000 | 00 00 00 00 00 00 00 00
R9 =0x0000000000000001 is an unknown value
R10=0x0000000000000003 is an unknown value
R11=0x000000e4ba6febd0 is pointing into the stack for thread: 0x000001eea7a86090
R12=0x000000e4ba6ff658 is pointing into the stack for thread: 0x000001eea7a86090
R13=0x000001eea7a86090 is a thread
R14=0x0 is NULL
R15=0x000001ee8fc9cdb0 points into unknown readable memory: 0x0000000000000000 | 00 00 00 00 00 00 00 00


Registers:
RAX=0x000001ee2fa0d050, RBX=0x0000000000000000, RCX=0x000000003ed20004, RDX=0x000001eeafa0cb10
RSP=0x000000e4ba6feca0, RBP=0x0000000000002000, RSI=0x0000000000001216, RDI=0x000001ee8fcd7bf8
R8 =0x000001eea7bda0a0, R9 =0x0000000000000001, R10=0x0000000000000003, R11=0x000000e4ba6febd0
R12=0x000000e4ba6ff658, R13=0x000001eea7a86090, R14=0x0000000000000000, R15=0x000001ee8fc9cdb0
RIP=0x00007ffe18bc300b, EFLAGS=0x0000000000010202

Top of Stack: (sp=0x000000e4ba6feca0)
0x000000e4ba6feca0:   0000000000000000 000000000000015c
0x000000e4ba6fecb0:   000001ee8fccf628 0000000000000160
0x000000e4ba6fecc0:   000000e4ba6ff660 000000e4ba6ff658
0x000000e4ba6fecd0:   000001eea7a86090 0000000000001216
0x000000e4ba6fece0:   000001ee8fc9cdb0 0000000000002000
0x000000e4ba6fecf0:   000001ee8fcc4880 0000000000000010
0x000000e4ba6fed00:   000001eea8e9ea10 000000000000000d
0x000000e4ba6fed10:   000001ee8dad32b4 00007ffef1a8d2c9
0x000000e4ba6fed20:   0000000000000000 000001ee8d9512c0
0x000000e4ba6fed30:   000001ee1a00001a 0000000000000006
0x000000e4ba6fed40:   000001ee8d9502a4 0000000000000010
0x000000e4ba6fed50:   000001ee8d950cc0 000001ee8d951140
0x000000e4ba6fed60:   000001ee70002252 0000000000000004
0x000000e4ba6fed70:   0000000000000008 0000000000000010
0x000000e4ba6fed80:   0000000000000000 0000000000000001
0x000000e4ba6fed90:   0000000000000000 000000e4ba6fee49 

Instructions: (pc=0x00007ffe18bc300b)
0x00007ffe18bc2f0b:   00 41 5f 41 5e 41 5d 5e 5d 5b c3 cc cc cc cc cc
0x00007ffe18bc2f1b:   cc cc cc cc cc 40 53 55 56 57 41 54 41 55 41 57
0x00007ffe18bc2f2b:   48 81 ec 70 08 00 00 48 8b 05 ef cb 38 00 48 33
0x00007ffe18bc2f3b:   c4 48 89 84 24 60 08 00 00 48 8b 79 08 49 8b e9
0x00007ffe18bc2f4b:   48 8b 9a f8 00 00 00 49 8b f0 48 8b 84 24 d8 08
0x00007ffe18bc2f5b:   00 00 4c 8b ea 4c 8b a4 24 d0 08 00 00 4c 8b f9
0x00007ffe18bc2f6b:   48 89 44 24 20 48 8b c3 4c 89 4c 24 48 48 89 54
0x00007ffe18bc2f7b:   24 30 48 89 4c 24 40 4c 89 64 24 28 48 89 7c 24
0x00007ffe18bc2f8b:   50 f6 c3 01 75 0b 48 8b 05 d8 72 3c 00 48 83 c8
0x00007ffe18bc2f9b:   01 48 89 82 f8 00 00 00 e8 b8 53 ec ff 48 3b f5
0x00007ffe18bc2fab:   0f 83 50 02 00 00 4c 89 b4 24 b8 08 00 00 45 33
0x00007ffe18bc2fbb:   f6 0f 1f 40 00 48 8b 07 48 8d 3c f0 48 ff c6 48
0x00007ffe18bc2fcb:   3b f5 48 89 74 24 38 4c 8d 47 08 4d 0f 43 c6 4d
0x00007ffe18bc2fdb:   85 c0 74 09 4d 8b 00 49 83 e0 fc eb 03 4d 8b c6
0x00007ffe18bc2feb:   48 8b 17 48 83 e2 fc 0f 84 f3 01 00 00 4d 85 c0
0x00007ffe18bc2ffb:   74 03 4d 8b 00 48 8b 02 49 ff 04 24 48 8b 42 08
0x00007ffe18bc300b:   8b 08 66 85 c9 74 0d 48 8b 12 48 85 d2 75 de e9
0x00007ffe18bc301b:   cc 01 00 00 49 89 9d f8 00 00 00 41 8b de 0f 1f
0x00007ffe18bc302b:   80 00 00 00 00 48 8b 07 a8 01 75 15 48 8b 07 48
0x00007ffe18bc303b:   83 e0 fc 48 8b c8 48 83 c9 01 f0 48 0f b1 0f 74
0x00007ffe18bc304b:   18 ff c3 81 fb 00 20 00 00 75 07 e8 35 06 ed ff
0x00007ffe18bc305b:   eb c9 e8 ae bc 86 ff eb cc 48 8b 07 4c 8b c7 48
0x00007ffe18bc306b:   83 e0 fc 74 3f 49 ff 04 24 48 8b 48 08 8b 11 66
0x00007ffe18bc307b:   85 d2 75 25 4a 89 44 f4 60 49 ff c6 48 8b 00 49
0x00007ffe18bc308b:   8b 08 48 33 c8 83 e1 03 48 33 c8 49 89 08 49 81
0x00007ffe18bc309b:   fe 00 01 00 00 74 0d eb 06 4c 8b c0 48 8b 00 48
0x00007ffe18bc30ab:   85 c0 75 c1 48 8b 07 48 83 e0 fc 80 bc 24 e0 08
0x00007ffe18bc30bb:   00 00 00 48 89 07 75 12 e8 98 52 ec ff 49 8b 47
0x00007ffe18bc30cb:   48 49 3b c5 74 09 4d 89 6f 48 e8 a6 95 b9 ff 33
0x00007ffe18bc30db:   ed 4d 85 f6 0f 84 d8 00 00 00 4c 8b 64 24 20 44
0x00007ffe18bc30eb:   8d 6d 08 66 90 49 ff 04 24 48 8b 74 ec 60 48 8b
0x00007ffe18bc30fb:   46 08 8b 08 66 83 f9 01 75 09 48 8b 4e 08 e8 12 


Stack slot to memory mapping:
stack at sp + 0 slots: 0x0 is NULL
stack at sp + 1 slots: 0x000000000000015c is an unknown value
stack at sp + 2 slots: 0x000001ee8fccf628 points into unknown readable memory: 0x000001eeaf1d4700 | 00 47 1d af ee 01 00 00
stack at sp + 3 slots: 0x0000000000000160 is an unknown value
stack at sp + 4 slots: 0x000000e4ba6ff660 is pointing into the stack for thread: 0x000001eea7a86090
stack at sp + 5 slots: 0x000000e4ba6ff658 is pointing into the stack for thread: 0x000001eea7a86090
stack at sp + 6 slots: 0x000001eea7a86090 is a thread
stack at sp + 7 slots: 0x0000000000001216 is an unknown value


---------------  P R O C E S S  ---------------

Threads class SMR info:
_java_thread_list=0x000001eead2b41b0, length=32, elements={
0x000001ee8fcac910, 0x000001ee8fd6b920, 0x000001ee8fd6c790, 0x000001ee8fc5e090,
0x000001eea7a83020, 0x000001eea7a86090, 0x000001eea7a870f0, 0x000001eea7a8da80,
0x000001eea7a8f3b0, 0x000001eea7a9a580, 0x000001eea7b932d0, 0x000001eea7d9f270,
0x000001eea9cd82c0, 0x000001eea9d75740, 0x000001eea9fdc2c0, 0x000001eea9f6dfb0,
0x000001eeaa24baf0, 0x000001eeaa3ea350, 0x000001eeaa3ebb60, 0x000001eeaa3ea820,
0x000001eeaa3e94e0, 0x000001eeaa3e8b40, 0x000001eeaf78e6a0, 0x000001eeaf78f9e0,
0x000001eeaf791b90, 0x000001eeaf1df080, 0x000001eeaf1de6e0, 0x000001eeaf1dfa20,
0x000001eeaf792060, 0x000001eeaf78ce90, 0x000001eeaf78f510, 0x000001eeaf78bb50
}

Java Threads: ( => current thread )
  0x000001ee8fcac910 JavaThread "main" [_thread_blocked, id=4688, stack(0x000000e4b9f00000,0x000000e4ba000000)]
  0x000001ee8fd6b920 JavaThread "Reference Handler" daemon [_thread_blocked, id=8388, stack(0x000000e4ba200000,0x000000e4ba300000)]
  0x000001ee8fd6c790 JavaThread "Finalizer" daemon [_thread_blocked, id=13780, stack(0x000000e4ba300000,0x000000e4ba400000)]
  0x000001ee8fc5e090 JavaThread "Signal Dispatcher" daemon [_thread_blocked, id=16556, stack(0x000000e4ba400000,0x000000e4ba500000)]
  0x000001eea7a83020 JavaThread "Attach Listener" daemon [_thread_blocked, id=20548, stack(0x000000e4ba500000,0x000000e4ba600000)]
=>0x000001eea7a86090 JavaThread "Service Thread" daemon [_thread_in_vm, id=2716, stack(0x000000e4ba600000,0x000000e4ba700000)]
  0x000001eea7a870f0 JavaThread "Monitor Deflation Thread" daemon [_thread_blocked, id=2344, stack(0x000000e4ba700000,0x000000e4ba800000)]
  0x000001eea7a8da80 JavaThread "C2 CompilerThread0" daemon [_thread_blocked, id=15744, stack(0x000000e4ba800000,0x000000e4ba900000)]
  0x000001eea7a8f3b0 JavaThread "C1 CompilerThread0" daemon [_thread_blocked, id=17056, stack(0x000000e4ba900000,0x000000e4baa00000)]
  0x000001eea7a9a580 JavaThread "Sweeper thread" daemon [_thread_blocked, id=8632, stack(0x000000e4baa00000,0x000000e4bab00000)]
  0x000001eea7b932d0 JavaThread "Common-Cleaner" daemon [_thread_blocked, id=18924, stack(0x000000e4bab00000,0x000000e4bac00000)]
  0x000001eea7d9f270 JavaThread "Notification Thread" daemon [_thread_blocked, id=21752, stack(0x000000e4bad00000,0x000000e4bae00000)]
  0x000001eea9cd82c0 JavaThread "Active Thread: Equinox Container: b92ec024-2d98-4830-bf1d-93b18b6f9d03" [_thread_blocked, id=23544, stack(0x000000e4bb600000,0x000000e4bb700000)]
  0x000001eea9d75740 JavaThread "Framework Event Dispatcher: Equinox Container: b92ec024-2d98-4830-bf1d-93b18b6f9d03" daemon [_thread_blocked, id=9396, stack(0x000000e4bac00000,0x000000e4bad00000)]
  0x000001eea9fdc2c0 JavaThread "Start Level: Equinox Container: b92ec024-2d98-4830-bf1d-93b18b6f9d03" daemon [_thread_blocked, id=10980, stack(0x000000e4bb500000,0x000000e4bb600000)]
  0x000001eea9f6dfb0 JavaThread "SCR Component Actor" daemon [_thread_blocked, id=12792, stack(0x000000e4bb700000,0x000000e4bb800000)]
  0x000001eeaa24baf0 JavaThread "Bundle File Closer" daemon [_thread_blocked, id=22216, stack(0x000000e4bba00000,0x000000e4bbb00000)]
  0x000001eeaa3ea350 JavaThread "Worker-JM" [_thread_blocked, id=21264, stack(0x000000e4bbb00000,0x000000e4bbc00000)]
  0x000001eeaa3ebb60 JavaThread "Java indexing" daemon [_thread_blocked, id=3260, stack(0x000000e4bc100000,0x000000e4bc200000)]
  0x000001eeaa3ea820 JavaThread "JNA Cleaner" daemon [_thread_blocked, id=23116, stack(0x000000e4bc200000,0x000000e4bc300000)]
  0x000001eeaa3e94e0 JavaThread "pool-2-thread-1" [_thread_blocked, id=20376, stack(0x000000e4bc300000,0x000000e4bc400000)]
  0x000001eeaa3e8b40 JavaThread "pool-1-thread-1" [_thread_blocked, id=12984, stack(0x000000e4bc400000,0x000000e4bc500000)]
  0x000001eeaf78e6a0 JavaThread "Worker-6" [_thread_blocked, id=9648, stack(0x000000e4bbe00000,0x000000e4bbf00000)]
  0x000001eeaf78f9e0 JavaThread "Worker-8" [_thread_blocked, id=6976, stack(0x000000e4b9e00000,0x000000e4b9f00000)]
  0x000001eeaf791b90 JavaThread "Java Debug Server" daemon [_thread_in_native, id=2548, stack(0x000000e4bbd00000,0x000000e4bbe00000)]
  0x000001eeaf1df080 JavaThread "pool-3-thread-1" [_thread_blocked, id=17580, stack(0x000000e4bbf00000,0x000000e4bc000000)]
  0x000001eeaf1de6e0 JavaThread "RxSchedulerPurge-1" daemon [_thread_blocked, id=17636, stack(0x000000e4bbc00000,0x000000e4bbd00000)]
  0x000001eeaf1dfa20 JavaThread "RxCachedWorkerPoolEvictor-1" daemon [_thread_blocked, id=9524, stack(0x000000e4bc000000,0x000000e4bc100000)]
  0x000001eeaf792060 JavaThread "ForkJoinPool.commonPool-worker-20" daemon [_thread_blocked, id=13260, stack(0x000000e4b9c00000,0x000000e4b9d00000)]
  0x000001eeaf78ce90 JavaThread "pool-5-thread-1" [_thread_blocked, id=20700, stack(0x000000e4b9d00000,0x000000e4b9e00000)]
  0x000001eeaf78f510 JavaThread "Framework stop - Equinox Container: b92ec024-2d98-4830-bf1d-93b18b6f9d03" [_thread_blocked, id=19296, stack(0x000000e4bb900000,0x000000e4bba00000)]
  0x000001eeaf78bb50 JavaThread "SCR Component Registry" daemon [_thread_blocked, id=21152, stack(0x000000e4bc500000,0x000000e4bc600000)]

Other Threads:
  0x000001ee8fc4f550 VMThread "VM Thread" [stack: 0x000000e4ba100000,0x000000e4ba200000] [id=20616] _threads_hazard_ptr=0x000001eead2b41b0
  0x000001eea7d9f740 WatcherThread [stack: 0x000000e4bae00000,0x000000e4baf00000] [id=23440]
  0x000001ee8fcc23d0 GCTaskThread "GC Thread#0" [stack: 0x000000e4ba000000,0x000000e4ba100000] [id=21064]
  0x000001eea9143c70 GCTaskThread "GC Thread#1" [stack: 0x000000e4baf00000,0x000000e4bb000000] [id=20848]
  0x000001eea7e2e3b0 GCTaskThread "GC Thread#2" [stack: 0x000000e4bb000000,0x000000e4bb100000] [id=10084]
  0x000001eea8df7400 GCTaskThread "GC Thread#3" [stack: 0x000000e4bb100000,0x000000e4bb200000] [id=22328]
  0x000001eea8df76b0 GCTaskThread "GC Thread#4" [stack: 0x000000e4bb200000,0x000000e4bb300000] [id=11576]
  0x000001eea8df7960 GCTaskThread "GC Thread#5" [stack: 0x000000e4bb300000,0x000000e4bb400000] [id=2544]
  0x000001eea8df7c10 GCTaskThread "GC Thread#6" [stack: 0x000000e4bb400000,0x000000e4bb500000] [id=13460]
  0x000001eea9e2b8e0 GCTaskThread "GC Thread#7" [stack: 0x000000e4bb800000,0x000000e4bb900000] [id=17740]

Threads with active compile tasks:

VM state: synchronizing (normal execution)

VM Mutex/Monitor currently owned by a thread:  ([mutex/lock_event])
[0x000001ee8fca9c30] Threads_lock - owner thread: 0x000001ee8fc4f550
[0x000001ee8fca9de0] Heap_lock - owner thread: 0x000001eeaa3ebb60

Heap address: 0x0000000080000000, size: 2048 MB, Compressed Oops mode: 32-bit

CDS archive(s) not mapped
Compressed class space mapped at: 0x0000000100000000-0x0000000140000000, reserved size: 1073741824
Narrow klass base: 0x0000000000000000, Narrow klass shift: 3, Narrow klass range: 0x140000000

GC Precious Log:
 CPUs: 8 total, 8 available
 Memory: 32140M
 Large Page Support: Disabled
 NUMA Support: Disabled
 Compressed Oops: Enabled (32-bit)
 Alignments: Space 512K, Generation 512K, Heap 2M
 Heap Min Capacity: 100M
 Heap Initial Capacity: 100M
 Heap Max Capacity: 2G
 Pre-touch: Disabled
 Parallel Workers: 8

Heap:
 PSYoungGen      total 3072K, used 1023K [0x00000000d5580000, 0x00000000d5a80000, 0x0000000100000000)
  eden space 1024K, 99% used [0x00000000d5580000,0x00000000d567ffc0,0x00000000d5680000)
  from space 2048K, 0% used [0x00000000d5880000,0x00000000d5880000,0x00000000d5a80000)
  to   space 2048K, 0% used [0x00000000d5680000,0x00000000d5680000,0x00000000d5880000)
 ParOldGen       total 303616K, used 248673K [0x0000000080000000, 0x0000000092880000, 0x00000000d5580000)
  object space 303616K, 81% used [0x0000000080000000,0x000000008f2d8418,0x0000000092880000)
 Metaspace       used 81266K, committed 82688K, reserved 1130496K
  class space    used 8272K, committed 8832K, reserved 1048576K

Card table byte_map: [0x000001ee8f650000,0x000001ee8fa60000] _byte_map_base: 0x000001ee8f250000

Marking Bits: (ParMarkBitMap*) 0x00007ffe18fa3e70
 Begin Bits: [0x000001eea1be0000, 0x000001eea3be0000)
 End Bits:   [0x000001eea3be0000, 0x000001eea5be0000)

Polling page: 0x000001ee8dc40000

Metaspace:

Usage:
  Non-class:     71.28 MB used.
      Class:      8.08 MB used.
       Both:     79.36 MB used.

Virtual space:
  Non-class space:       80.00 MB reserved,      72.12 MB ( 90%) committed,  10 nodes.
      Class space:        1.00 GB reserved,       8.62 MB ( <1%) committed,  1 nodes.
             Both:        1.08 GB reserved,      80.75 MB (  7%) committed. 

Chunk freelists:
   Non-Class:  3.32 MB
       Class:  3.30 MB
        Both:  6.62 MB

MaxMetaspaceSize: unlimited
CompressedClassSpaceSize: 1.00 GB
Initial GC threshold: 21.00 MB
Current GC threshold: 134.62 MB
CDS: off
MetaspaceReclaimPolicy: balanced
 - commit_granule_bytes: 65536.
 - commit_granule_words: 8192.
 - virtual_space_node_default_size: 1048576.
 - enlarge_chunks_in_place: 1.
 - new_chunks_are_fully_committed: 0.
 - uncommit_free_chunks: 1.
 - use_allocation_guard: 0.
 - handle_deallocations: 1.


Internal statistics:

num_allocs_failed_limit: 11.
num_arena_births: 632.
num_arena_deaths: 130.
num_vsnodes_births: 11.
num_vsnodes_deaths: 0.
num_space_committed: 1292.
num_space_uncommitted: 0.
num_chunks_returned_to_freelist: 172.
num_chunks_taken_from_freelist: 3948.
num_chunk_merges: 51.
num_chunk_splits: 2518.
num_chunks_enlarged: 1563.
num_purges: 4.
num_inconsistent_stats: 0.

CodeHeap 'non-profiled nmethods': size=120000Kb used=16697Kb max_used=16697Kb free=103302Kb
 bounds [0x000001ee9a400000, 0x000001ee9b450000, 0x000001eea1930000]
CodeHeap 'profiled nmethods': size=120000Kb used=28989Kb max_used=28989Kb free=91010Kb
 bounds [0x000001ee92930000, 0x000001ee94590000, 0x000001ee99e60000]
CodeHeap 'non-nmethods': size=5760Kb used=1406Kb max_used=1510Kb free=4353Kb
 bounds [0x000001ee99e60000, 0x000001ee9a0d0000, 0x000001ee9a400000]
 total_blobs=14380 nmethods=13626 adapters=662
 compilation: enabled
              stopped_count=0, restarted_count=0
 full_count=0

Compilation events (20 events):
Event: 40828.669 Thread 0x000001eea7a8f3b0 nmethod 19133 0x000001ee94582310 code [0x000001ee945824a0, 0x000001ee94582618]
Event: 40828.669 Thread 0x000001eea7a8f3b0 19134       3       org.osgi.util.tracker.AbstractTracked::modified (11 bytes)
Event: 40828.669 Thread 0x000001eea7a8f3b0 nmethod 19134 0x000001ee94582690 code [0x000001ee94582820, 0x000001ee94582938]
Event: 40828.669 Thread 0x000001eea7a8f3b0 19135  s!   3       org.eclipse.osgi.framework.eventmgr.EventManager$EventThread::getNextEvent (61 bytes)
Event: 40828.670 Thread 0x000001eea7a8da80 nmethod 19131 0x000001ee9b44dd90 code [0x000001ee9b44df20, 0x000001ee9b44e038]
Event: 40828.670 Thread 0x000001eea7a8da80 19132       4       org.eclipse.osgi.framework.eventmgr.CopyOnWriteIdentityMap$Snapshot$SnapshotIterator::hasNext (15 bytes)
Event: 40828.670 Thread 0x000001eea7a8f3b0 nmethod 19135 0x000001ee94582a10 code [0x000001ee94582be0, 0x000001ee945830c8]
Event: 40828.670 Thread 0x000001eea7a8f3b0 19136       3       java.lang.Object::wait (6 bytes)
Event: 40828.670 Thread 0x000001eea7a8f3b0 nmethod 19136 0x000001ee94583210 code [0x000001ee945833a0, 0x000001ee945834e8]
Event: 40828.670 Thread 0x000001eea7a8f3b0 19137  s    3       org.eclipse.osgi.framework.eventmgr.EventManager$EventThread::postEvent (71 bytes)
Event: 40828.670 Thread 0x000001eea7a8da80 nmethod 19132 0x000001ee9b44e190 code [0x000001ee9b44e300, 0x000001ee9b44e398]
Event: 40828.670 Thread 0x000001eea7a8f3b0 nmethod 19137 0x000001ee94583590 code [0x000001ee94583780, 0x000001ee94583ce8]
Event: 40828.676 Thread 0x000001eea7a8f3b0 19138       3       java.util.concurrent.ConcurrentHashMap::getOrDefault (16 bytes)
Event: 40828.676 Thread 0x000001eea7a8f3b0 nmethod 19138 0x000001ee94583f10 code [0x000001ee945840c0, 0x000001ee94584268]
Event: 40828.677 Thread 0x000001eea7a8f3b0 19139       1       java.util.Spliterators$EmptySpliterator::characteristics (4 bytes)
Event: 40828.677 Thread 0x000001eea7a8f3b0 nmethod 19139 0x000001ee9b44e490 code [0x000001ee9b44e620, 0x000001ee9b44e6f8]
Event: 40828.680 Thread 0x000001eea7a8f3b0 19140       3       org.eclipse.osgi.internal.framework.EquinoxEventPublisher::asBundleContexts (2 bytes)
Event: 40828.680 Thread 0x000001eea7a8f3b0 nmethod 19140 0x000001ee9323f110 code [0x000001ee9323f2a0, 0x000001ee9323f398]
Event: 40828.680 Thread 0x000001eea7a8f3b0 19141       3       org.apache.felix.scr.impl.Activator::debug (77 bytes)
Event: 40828.681 Thread 0x000001eea7a8f3b0 nmethod 19141 0x000001ee94584310 code [0x000001ee945845a0, 0x000001ee94585088]

GC Heap History (20 events):
Event: 1770.024 GC heap before
{Heap before GC invocations=1194 (full 27):
 PSYoungGen      total 4608K, used 4190K [0x00000000d5580000, 0x00000000d5b80000, 0x0000000100000000)
  eden space 3072K, 100% used [0x00000000d5580000,0x00000000d5880000,0x00000000d5880000)
  from space 1536K, 72% used [0x00000000d5a00000,0x00000000d5b17b50,0x00000000d5b80000)
  to   space 1536K, 0% used [0x00000000d5880000,0x00000000d5880000,0x00000000d5a00000)
 ParOldGen       total 301056K, used 293876K [0x0000000080000000, 0x0000000092600000, 0x00000000d5580000)
  object space 301056K, 97% used [0x0000000080000000,0x0000000091efd138,0x0000000092600000)
 Metaspace       used 81060K, committed 82304K, reserved 1130496K
  class space    used 8262K, committed 8768K, reserved 1048576K
}
Event: 1770.028 GC heap after
{Heap after GC invocations=1194 (full 27):
 PSYoungGen      total 4608K, used 1216K [0x00000000d5580000, 0x00000000d5b80000, 0x0000000100000000)
  eden space 3072K, 0% used [0x00000000d5580000,0x00000000d5580000,0x00000000d5880000)
  from space 1536K, 79% used [0x00000000d5880000,0x00000000d59b0000,0x00000000d5a00000)
  to   space 1536K, 0% used [0x00000000d5a00000,0x00000000d5a00000,0x00000000d5b80000)
 ParOldGen       total 301056K, used 294912K [0x0000000080000000, 0x0000000092600000, 0x00000000d5580000)
  object space 301056K, 97% used [0x0000000080000000,0x0000000092000128,0x0000000092600000)
 Metaspace       used 81060K, committed 82304K, reserved 1130496K
  class space    used 8262K, committed 8768K, reserved 1048576K
}
Event: 33175.202 GC heap before
{Heap before GC invocations=1195 (full 27):
 PSYoungGen      total 4608K, used 4287K [0x00000000d5580000, 0x00000000d5b80000, 0x0000000100000000)
  eden space 3072K, 99% used [0x00000000d5580000,0x00000000d587ffe0,0x00000000d5880000)
  from space 1536K, 79% used [0x00000000d5880000,0x00000000d59b0000,0x00000000d5a00000)
  to   space 1536K, 0% used [0x00000000d5a00000,0x00000000d5a00000,0x00000000d5b80000)
 ParOldGen       total 301056K, used 294912K [0x0000000080000000, 0x0000000092600000, 0x00000000d5580000)
  object space 301056K, 97% used [0x0000000080000000,0x0000000092000128,0x0000000092600000)
 Metaspace       used 81072K, committed 82304K, reserved 1130496K
  class space    used 8262K, committed 8768K, reserved 1048576K
}
Event: 33175.204 GC heap after
{Heap after GC invocations=1195 (full 27):
 PSYoungGen      total 3584K, used 192K [0x00000000d5580000, 0x00000000d5a80000, 0x0000000100000000)
  eden space 3072K, 0% used [0x00000000d5580000,0x00000000d5580000,0x00000000d5880000)
  from space 512K, 37% used [0x00000000d5a00000,0x00000000d5a30000,0x00000000d5a80000)
  to   space 1024K, 0% used [0x00000000d5880000,0x00000000d5880000,0x00000000d5980000)
 ParOldGen       total 301056K, used 296102K [0x0000000080000000, 0x0000000092600000, 0x00000000d5580000)
  object space 301056K, 98% used [0x0000000080000000,0x0000000092129a70,0x0000000092600000)
 Metaspace       used 81072K, committed 82304K, reserved 1130496K
  class space    used 8262K, committed 8768K, reserved 1048576K
}
Event: 33175.213 GC heap before
{Heap before GC invocations=1196 (full 27):
 PSYoungGen      total 3584K, used 3264K [0x00000000d5580000, 0x00000000d5a80000, 0x0000000100000000)
  eden space 3072K, 100% used [0x00000000d5580000,0x00000000d5880000,0x00000000d5880000)
  from space 512K, 37% used [0x00000000d5a00000,0x00000000d5a30000,0x00000000d5a80000)
  to   space 1024K, 0% used [0x00000000d5880000,0x00000000d5880000,0x00000000d5980000)
 ParOldGen       total 301056K, used 296102K [0x0000000080000000, 0x0000000092600000, 0x00000000d5580000)
  object space 301056K, 98% used [0x0000000080000000,0x0000000092129a70,0x0000000092600000)
 Metaspace       used 81072K, committed 82304K, reserved 1130496K
  class space    used 8262K, committed 8768K, reserved 1048576K
}
Event: 33175.214 GC heap after
{Heap after GC invocations=1196 (full 27):
 PSYoungGen      total 4096K, used 64K [0x00000000d5580000, 0x00000000d5a80000, 0x0000000100000000)
  eden space 3072K, 0% used [0x00000000d5580000,0x00000000d5580000,0x00000000d5880000)
  from space 1024K, 6% used [0x00000000d5880000,0x00000000d5890000,0x00000000d5980000)
  to   space 512K, 0% used [0x00000000d5a00000,0x00000000d5a00000,0x00000000d5a80000)
 ParOldGen       total 301056K, used 296166K [0x0000000080000000, 0x0000000092600000, 0x00000000d5580000)
  object space 301056K, 98% used [0x0000000080000000,0x0000000092139a70,0x0000000092600000)
 Metaspace       used 81072K, committed 82304K, reserved 1130496K
  class space    used 8262K, committed 8768K, reserved 1048576K
}
Event: 33175.224 GC heap before
{Heap before GC invocations=1197 (full 27):
 PSYoungGen      total 4096K, used 3136K [0x00000000d5580000, 0x00000000d5a80000, 0x0000000100000000)
  eden space 3072K, 100% used [0x00000000d5580000,0x00000000d5880000,0x00000000d5880000)
  from space 1024K, 6% used [0x00000000d5880000,0x00000000d5890000,0x00000000d5980000)
  to   space 512K, 0% used [0x00000000d5a00000,0x00000000d5a00000,0x00000000d5a80000)
 ParOldGen       total 301056K, used 296166K [0x0000000080000000, 0x0000000092600000, 0x00000000d5580000)
  object space 301056K, 98% used [0x0000000080000000,0x0000000092139a70,0x0000000092600000)
 Metaspace       used 81072K, committed 82304K, reserved 1130496K
  class space    used 8262K, committed 8768K, reserved 1048576K
}
Event: 33175.225 GC heap after
{Heap after GC invocations=1197 (full 27):
 PSYoungGen      total 3584K, used 64K [0x00000000d5580000, 0x00000000d5a80000, 0x0000000100000000)
  eden space 3072K, 0% used [0x00000000d5580000,0x00000000d5580000,0x00000000d5880000)
  from space 512K, 12% used [0x00000000d5a00000,0x00000000d5a10000,0x00000000d5a80000)
  to   space 512K, 0% used [0x00000000d5980000,0x00000000d5980000,0x00000000d5a00000)
 ParOldGen       total 301056K, used 296190K [0x0000000080000000, 0x0000000092600000, 0x00000000d5580000)
  object space 301056K, 98% used [0x0000000080000000,0x000000009213fa70,0x0000000092600000)
 Metaspace       used 81072K, committed 82304K, reserved 1130496K
  class space    used 8262K, committed 8768K, reserved 1048576K
}
Event: 37599.678 GC heap before
{Heap before GC invocations=1198 (full 27):
 PSYoungGen      total 3584K, used 3136K [0x00000000d5580000, 0x00000000d5a80000, 0x0000000100000000)
  eden space 3072K, 100% used [0x00000000d5580000,0x00000000d5880000,0x00000000d5880000)
  from space 512K, 12% used [0x00000000d5a00000,0x00000000d5a10000,0x00000000d5a80000)
  to   space 512K, 0% used [0x00000000d5980000,0x00000000d5980000,0x00000000d5a00000)
 ParOldGen       total 301056K, used 296190K [0x0000000080000000, 0x0000000092600000, 0x00000000d5580000)
  object space 301056K, 98% used [0x0000000080000000,0x000000009213fa70,0x0000000092600000)
 Metaspace       used 81076K, committed 82304K, reserved 1130496K
  class space    used 8262K, committed 8768K, reserved 1048576K
}
Event: 37599.680 GC heap after
{Heap after GC invocations=1198 (full 27):
 PSYoungGen      total 3584K, used 96K [0x00000000d5580000, 0x00000000d5a80000, 0x0000000100000000)
  eden space 3072K, 0% used [0x00000000d5580000,0x00000000d5580000,0x00000000d5880000)
  from space 512K, 18% used [0x00000000d5980000,0x00000000d5998000,0x00000000d5a00000)
  to   space 512K, 0% used [0x00000000d5a00000,0x00000000d5a00000,0x00000000d5a80000)
 ParOldGen       total 301056K, used 296198K [0x0000000080000000, 0x0000000092600000, 0x00000000d5580000)
  object space 301056K, 98% used [0x0000000080000000,0x0000000092141a70,0x0000000092600000)
 Metaspace       used 81076K, committed 82304K, reserved 1130496K
  class space    used 8262K, committed 8768K, reserved 1048576K
}
Event: 40828.599 GC heap before
{Heap before GC invocations=1199 (full 27):
 PSYoungGen      total 3584K, used 3161K [0x00000000d5580000, 0x00000000d5a80000, 0x0000000100000000)
  eden space 3072K, 99% used [0x00000000d5580000,0x00000000d587e630,0x00000000d5880000)
  from space 512K, 18% used [0x00000000d5980000,0x00000000d5998000,0x00000000d5a00000)
  to   space 512K, 0% used [0x00000000d5a00000,0x00000000d5a00000,0x00000000d5a80000)
 ParOldGen       total 301056K, used 296198K [0x0000000080000000, 0x0000000092600000, 0x00000000d5580000)
  object space 301056K, 98% used [0x0000000080000000,0x0000000092141a70,0x0000000092600000)
 Metaspace       used 81226K, committed 82432K, reserved 1130496K
  class space    used 8286K, committed 8768K, reserved 1048576K
}
Event: 40828.601 GC heap after
{Heap after GC invocations=1199 (full 27):
 PSYoungGen      total 3584K, used 224K [0x00000000d5580000, 0x00000000d5a80000, 0x0000000100000000)
  eden space 3072K, 0% used [0x00000000d5580000,0x00000000d5580000,0x00000000d5880000)
  from space 512K, 43% used [0x00000000d5a00000,0x00000000d5a38000,0x00000000d5a80000)
  to   space 512K, 0% used [0x00000000d5980000,0x00000000d5980000,0x00000000d5a00000)
 ParOldGen       total 301056K, used 296206K [0x0000000080000000, 0x0000000092600000, 0x00000000d5580000)
  object space 301056K, 98% used [0x0000000080000000,0x0000000092143a70,0x0000000092600000)
 Metaspace       used 81226K, committed 82432K, reserved 1130496K
  class space    used 8286K, committed 8768K, reserved 1048576K
}
Event: 40828.708 GC heap before
{Heap before GC invocations=1200 (full 27):
 PSYoungGen      total 3584K, used 3296K [0x00000000d5580000, 0x00000000d5a80000, 0x0000000100000000)
  eden space 3072K, 100% used [0x00000000d5580000,0x00000000d5880000,0x00000000d5880000)
  from space 512K, 43% used [0x00000000d5a00000,0x00000000d5a38000,0x00000000d5a80000)
  to   space 512K, 0% used [0x00000000d5980000,0x00000000d5980000,0x00000000d5a00000)
 ParOldGen       total 301056K, used 296206K [0x0000000080000000, 0x0000000092600000, 0x00000000d5580000)
  object space 301056K, 98% used [0x0000000080000000,0x0000000092143a70,0x0000000092600000)
 Metaspace       used 81427K, committed 82688K, reserved 1130496K
  class space    used 8314K, committed 8832K, reserved 1048576K
}
Event: 40828.710 GC heap after
{Heap after GC invocations=1200 (full 27):
 PSYoungGen      total 3584K, used 485K [0x00000000d5580000, 0x00000000d5b80000, 0x0000000100000000)
  eden space 3072K, 0% used [0x00000000d5580000,0x00000000d5580000,0x00000000d5880000)
  from space 512K, 94% used [0x00000000d5980000,0x00000000d59f9778,0x00000000d5a00000)
  to   space 1536K, 0% used [0x00000000d5a00000,0x00000000d5a00000,0x00000000d5b80000)
 ParOldGen       total 301056K, used 296708K [0x0000000080000000, 0x0000000092600000, 0x00000000d5580000)
  object space 301056K, 98% used [0x0000000080000000,0x00000000921c11e8,0x0000000092600000)
 Metaspace       used 81427K, committed 82688K, reserved 1130496K
  class space    used 8314K, committed 8832K, reserved 1048576K
}
Event: 40828.719 GC heap before
{Heap before GC invocations=1201 (full 27):
 PSYoungGen      total 3584K, used 3557K [0x00000000d5580000, 0x00000000d5b80000, 0x0000000100000000)
  eden space 3072K, 100% used [0x00000000d5580000,0x00000000d5880000,0x00000000d5880000)
  from space 512K, 94% used [0x00000000d5980000,0x00000000d59f9778,0x00000000d5a00000)
  to   space 1536K, 0% used [0x00000000d5a00000,0x00000000d5a00000,0x00000000d5b80000)
 ParOldGen       total 301056K, used 296708K [0x0000000080000000, 0x0000000092600000, 0x00000000d5580000)
  object space 301056K, 98% used [0x0000000080000000,0x00000000921c11e8,0x0000000092600000)
 Metaspace       used 81427K, committed 82688K, reserved 1130496K
  class space    used 8314K, committed 8832K, reserved 1048576K
}
Event: 40828.725 GC heap after
{Heap after GC invocations=1201 (full 27):
 PSYoungGen      total 2048K, used 1536K [0x00000000d5580000, 0x00000000d6080000, 0x0000000100000000)
  eden space 512K, 0% used [0x00000000d5580000,0x00000000d5580000,0x00000000d5600000)
  from space 1536K, 100% used [0x00000000d5a00000,0x00000000d5b80000,0x00000000d5b80000)
  to   space 4096K, 0% used [0x00000000d5600000,0x00000000d5600000,0x00000000d5a00000)
 ParOldGen       total 301056K, used 298642K [0x0000000080000000, 0x0000000092600000, 0x00000000d5580000)
  object space 301056K, 99% used [0x0000000080000000,0x00000000923a4960,0x0000000092600000)
 Metaspace       used 81427K, committed 82688K, reserved 1130496K
  class space    used 8314K, committed 8832K, reserved 1048576K
}
Event: 40828.727 GC heap before
{Heap before GC invocations=1202 (full 27):
 PSYoungGen      total 2048K, used 2048K [0x00000000d5580000, 0x00000000d6080000, 0x0000000100000000)
  eden space 512K, 100% used [0x00000000d5580000,0x00000000d5600000,0x00000000d5600000)
  from space 1536K, 100% used [0x00000000d5a00000,0x00000000d5b80000,0x00000000d5b80000)
  to   space 4096K, 0% used [0x00000000d5600000,0x00000000d5600000,0x00000000d5a00000)
 ParOldGen       total 301056K, used 298642K [0x0000000080000000, 0x0000000092600000, 0x00000000d5580000)
  object space 301056K, 99% used [0x0000000080000000,0x00000000923a4960,0x0000000092600000)
 Metaspace       used 81427K, committed 82688K, reserved 1130496K
  class space    used 8314K, committed 8832K, reserved 1048576K
}
Event: 40828.733 GC heap after
{Heap after GC invocations=1202 (full 27):
 PSYoungGen      total 1536K, used 576K [0x00000000d5580000, 0x00000000d5a80000, 0x0000000100000000)
  eden space 512K, 0% used [0x00000000d5580000,0x00000000d5580000,0x00000000d5600000)
  from space 1024K, 56% used [0x00000000d5600000,0x00000000d5690000,0x00000000d5700000)
  to   space 2048K, 0% used [0x00000000d5880000,0x00000000d5880000,0x00000000d5a80000)
 ParOldGen       total 301056K, used 300194K [0x0000000080000000, 0x0000000092600000, 0x00000000d5580000)
  object space 301056K, 99% used [0x0000000080000000,0x0000000092528960,0x0000000092600000)
 Metaspace       used 81427K, committed 82688K, reserved 1130496K
  class space    used 8314K, committed 8832K, reserved 1048576K
}
Event: 40828.733 GC heap before
{Heap before GC invocations=1203 (full 28):
 PSYoungGen      total 1536K, used 576K [0x00000000d5580000, 0x00000000d5a80000, 0x0000000100000000)
  eden space 512K, 0% used [0x00000000d5580000,0x00000000d5580000,0x00000000d5600000)
  from space 1024K, 56% used [0x00000000d5600000,0x00000000d5690000,0x00000000d5700000)
  to   space 2048K, 0% used [0x00000000d5880000,0x00000000d5880000,0x00000000d5a80000)
 ParOldGen       total 301056K, used 300194K [0x0000000080000000, 0x0000000092600000, 0x00000000d5580000)
  object space 301056K, 99% used [0x0000000080000000,0x0000000092528960,0x0000000092600000)
 Metaspace       used 81427K, committed 82688K, reserved 1130496K
  class space    used 8314K, committed 8832K, reserved 1048576K
}
Event: 40828.909 GC heap after
{Heap after GC invocations=1203 (full 28):
 PSYoungGen      total 3072K, used 0K [0x00000000d5580000, 0x00000000d5a80000, 0x0000000100000000)
  eden space 1024K, 0% used [0x00000000d5580000,0x00000000d5580000,0x00000000d5680000)
  from space 2048K, 0% used [0x00000000d5880000,0x00000000d5880000,0x00000000d5a80000)
  to   space 2048K, 0% used [0x00000000d5680000,0x00000000d5680000,0x00000000d5880000)
 ParOldGen       total 303616K, used 248673K [0x0000000080000000, 0x0000000092880000, 0x00000000d5580000)
  object space 303616K, 81% used [0x0000000080000000,0x000000008f2d8418,0x0000000092880000)
 Metaspace       used 81266K, committed 82688K, reserved 1130496K
  class space    used 8272K, committed 8832K, reserved 1048576K
}

Dll operation events (10 events):
Event: 0.007 Loaded shared library c:\Users\carly\.vscode\extensions\redhat.java-1.17.0-win32-x64\jre\17.0.6-win32-x86_64\bin\java.dll
Event: 0.108 Loaded shared library c:\Users\carly\.vscode\extensions\redhat.java-1.17.0-win32-x64\jre\17.0.6-win32-x86_64\bin\zip.dll
Event: 0.110 Loaded shared library C:\Users\carly\.vscode\extensions\redhat.java-1.17.0-win32-x64\jre\17.0.6-win32-x86_64\bin\instrument.dll
Event: 0.119 Loaded shared library C:\Users\carly\.vscode\extensions\redhat.java-1.17.0-win32-x64\jre\17.0.6-win32-x86_64\bin\net.dll
Event: 0.120 Loaded shared library C:\Users\carly\.vscode\extensions\redhat.java-1.17.0-win32-x64\jre\17.0.6-win32-x86_64\bin\nio.dll
Event: 0.125 Loaded shared library C:\Users\carly\.vscode\extensions\redhat.java-1.17.0-win32-x64\jre\17.0.6-win32-x86_64\bin\zip.dll
Event: 0.135 Loaded shared library C:\Users\carly\.vscode\extensions\redhat.java-1.17.0-win32-x64\jre\17.0.6-win32-x86_64\bin\jimage.dll
Event: 0.171 Loaded shared library c:\Users\carly\.vscode\extensions\redhat.java-1.17.0-win32-x64\jre\17.0.6-win32-x86_64\bin\verify.dll
Event: 3.144 Loaded shared library C:\Users\carly\AppData\Roaming\Code\User\globalStorage\redhat.java\1.17.0\config_win\org.eclipse.equinox.launcher\org.eclipse.equinox.launcher.win32.win32.x86_64_1.2.700.v20221108-1024\eclipse_11801.dll
Event: 7.105 Loaded shared library C:\Users\carly\AppData\Local\Temp\jna-94431329\jna11652600779162863711.dll

Deoptimization events (20 events):
Event: 40828.632 Thread 0x000001eeaf78f510 Uncommon trap: trap_request=0xffffffde fr.pc=0x000001ee9a635de8 relative=0x0000000000000248
Event: 40828.632 Thread 0x000001eeaf78f510 Uncommon trap: reason=class_check action=maybe_recompile pc=0x000001ee9a635de8 method=java.util.Comparator.lambda$comparing$77a9974f$1(Ljava/util/function/Function;Ljava/lang/Object;Ljava/lang/Object;)I @ 7 c2
Event: 40828.632 Thread 0x000001eeaf78f510 DEOPT PACKING pc=0x000001ee9a635de8 sp=0x000000e4bb9fce30
Event: 40828.632 Thread 0x000001eeaf78f510 DEOPT UNPACKING pc=0x000001ee99eb66a3 sp=0x000000e4bb9fcd60 mode 2
Event: 40828.647 Thread 0x000001eeaf78f510 Uncommon trap: trap_request=0xffffffc6 fr.pc=0x000001ee9ad19608 relative=0x00000000000005a8
Event: 40828.647 Thread 0x000001eeaf78f510 Uncommon trap: reason=bimorphic_or_optimized_type_check action=maybe_recompile pc=0x000001ee9ad19608 method=java.util.HashMap.removeNode(ILjava/lang/Object;Ljava/lang/Object;ZZ)Ljava/util/HashMap$Node; @ 143 c2
Event: 40828.647 Thread 0x000001eeaf78f510 DEOPT PACKING pc=0x000001ee9ad19608 sp=0x000000e4bb9fe1f0
Event: 40828.647 Thread 0x000001eeaf78f510 DEOPT UNPACKING pc=0x000001ee99eb66a3 sp=0x000000e4bb9fe0e8 mode 2
Event: 40828.649 Thread 0x000001eeaf78f510 Uncommon trap: trap_request=0xffffffc6 fr.pc=0x000001ee9ad19608 relative=0x00000000000005a8
Event: 40828.649 Thread 0x000001eeaf78f510 Uncommon trap: reason=bimorphic_or_optimized_type_check action=maybe_recompile pc=0x000001ee9ad19608 method=java.util.HashMap.removeNode(ILjava/lang/Object;Ljava/lang/Object;ZZ)Ljava/util/HashMap$Node; @ 143 c2
Event: 40828.649 Thread 0x000001eeaf78f510 DEOPT PACKING pc=0x000001ee9ad19608 sp=0x000000e4bb9fe1f0
Event: 40828.649 Thread 0x000001eeaf78f510 DEOPT UNPACKING pc=0x000001ee99eb66a3 sp=0x000000e4bb9fe0e8 mode 2
Event: 40828.650 Thread 0x000001eeaf78f510 Uncommon trap: trap_request=0xffffffc6 fr.pc=0x000001ee9ad19608 relative=0x00000000000005a8
Event: 40828.650 Thread 0x000001eeaf78f510 Uncommon trap: reason=bimorphic_or_optimized_type_check action=maybe_recompile pc=0x000001ee9ad19608 method=java.util.HashMap.removeNode(ILjava/lang/Object;Ljava/lang/Object;ZZ)Ljava/util/HashMap$Node; @ 143 c2
Event: 40828.650 Thread 0x000001eeaf78f510 DEOPT PACKING pc=0x000001ee9ad19608 sp=0x000000e4bb9fe1f0
Event: 40828.650 Thread 0x000001eeaf78f510 DEOPT UNPACKING pc=0x000001ee99eb66a3 sp=0x000000e4bb9fe0e8 mode 2
Event: 40828.683 Thread 0x000001eeaf1de6e0 Uncommon trap: trap_request=0xffffff45 fr.pc=0x000001ee9b42d59c relative=0x000000000000075c
Event: 40828.683 Thread 0x000001eeaf1de6e0 Uncommon trap: reason=unstable_if action=reinterpret pc=0x000001ee9b42d59c method=io.reactivex.internal.schedulers.SchedulerPoolFactory$ScheduledTask.run()V @ 42 c2
Event: 40828.683 Thread 0x000001eeaf1de6e0 DEOPT PACKING pc=0x000001ee9b42d59c sp=0x000000e4bbcff590
Event: 40828.683 Thread 0x000001eeaf1de6e0 DEOPT UNPACKING pc=0x000001ee99eb66a3 sp=0x000000e4bbcff588 mode 2

Classes unloaded (20 events):
Event: 40828.776 Thread 0x000001ee8fc4f550 Unloading class 0x0000000100334400 'java/lang/invoke/LambdaForm$MH+0x0000000100334400'
Event: 40828.776 Thread 0x000001ee8fc4f550 Unloading class 0x0000000100288c00 'jdk/internal/reflect/GeneratedSerializationConstructorAccessor3'
Event: 40828.776 Thread 0x000001ee8fc4f550 Unloading class 0x0000000100288800 'jdk/internal/reflect/GeneratedSerializationConstructorAccessor2'
Event: 40828.776 Thread 0x000001ee8fc4f550 Unloading class 0x0000000100288400 'jdk/internal/reflect/GeneratedSerializationConstructorAccessor1'
Event: 40828.776 Thread 0x000001ee8fc4f550 Unloading class 0x0000000100217800 'java/lang/invoke/LambdaForm$MH+0x0000000100217800'
Event: 40828.776 Thread 0x000001ee8fc4f550 Unloading class 0x00000001001d3000 'jdk/internal/reflect/GeneratedConstructorAccessor4'
Event: 40828.776 Thread 0x000001ee8fc4f550 Unloading class 0x00000001001c0000 'jdk/internal/reflect/GeneratedMethodAccessor6'
Event: 40828.776 Thread 0x000001ee8fc4f550 Unloading class 0x00000001001a2800 'java/lang/invoke/LambdaForm$MH+0x00000001001a2800'
Event: 40828.776 Thread 0x000001ee8fc4f550 Unloading class 0x00000001001a2000 'java/lang/invoke/LambdaForm$MH+0x00000001001a2000'
Event: 40828.776 Thread 0x000001ee8fc4f550 Unloading class 0x00000001001a1c00 'java/lang/invoke/LambdaForm$MH+0x00000001001a1c00'
Event: 40828.776 Thread 0x000001ee8fc4f550 Unloading class 0x00000001001a1800 'java/lang/invoke/LambdaForm$MH+0x00000001001a1800'
Event: 40828.776 Thread 0x000001ee8fc4f550 Unloading class 0x00000001001a1000 'java/lang/invoke/LambdaForm$MH+0x00000001001a1000'
Event: 40828.777 Thread 0x000001ee8fc4f550 Unloading class 0x00000001001a0c00 'java/lang/invoke/LambdaForm$MH+0x00000001001a0c00'
Event: 40828.777 Thread 0x000001ee8fc4f550 Unloading class 0x00000001001a0800 'java/lang/invoke/LambdaForm$MH+0x00000001001a0800'
Event: 40828.777 Thread 0x000001ee8fc4f550 Unloading class 0x00000001001a0000 'java/lang/invoke/LambdaForm$MH+0x00000001001a0000'
Event: 40828.777 Thread 0x000001ee8fc4f550 Unloading class 0x0000000100129000 'jdk/internal/reflect/GeneratedMethodAccessor5'
Event: 40828.777 Thread 0x000001ee8fc4f550 Unloading class 0x0000000100128c00 'jdk/internal/reflect/GeneratedMethodAccessor4'
Event: 40828.777 Thread 0x000001ee8fc4f550 Unloading class 0x0000000100128800 'jdk/internal/reflect/GeneratedMethodAccessor3'
Event: 40828.777 Thread 0x000001ee8fc4f550 Unloading class 0x0000000100128400 'jdk/internal/reflect/GeneratedMethodAccessor2'
Event: 40828.777 Thread 0x000001ee8fc4f550 Unloading class 0x0000000100128000 'jdk/internal/reflect/GeneratedMethodAccessor1'

Classes redefined (0 events):
No events

Internal exceptions (20 events):
Event: 40828.525 Thread 0x000001eeaf78e6a0 Exception <a 'java/lang/NoSuchMethodError'{0x00000000d5828110}: 'java.lang.Object java.lang.invoke.DirectMethodHandle$Holder.invokeSpecial(java.lang.Object, java.lang.Object, java.lang.Object, java.lang.Object, java.lang.Object, java.lang.Object, java.lang.Object, java.lang.Object, java.lang.Object, java.lang.Object, java.lang.Object)'> (0x00000000d5828110) 
thrown [s\src\hotspot\share\interpreter\linkResolver.cpp, line 759]
Event: 40828.525 Thread 0x000001eeaf78e6a0 Exception <a 'java/lang/NoSuchMethodError'{0x00000000d582cec8}: 'java.lang.Object java.lang.invoke.Invokers$Holder.linkToTargetMethod(java.lang.Object, java.lang.Object, java.lang.Object, java.lang.Object, java.lang.Object, java.lang.Object, java.lang.Object, java.lang.Object, java.lang.Object, java.lang.Object)'> (0x00000000d582cec8) 
thrown [s\src\hotspot\share\interpreter\linkResolver.cpp, line 759]
Event: 40828.565 Thread 0x000001eeaf78e6a0 Exception <a 'java/io/IOException'{0x00000000d585e258}> (0x00000000d585e258) 
thrown [s\src\hotspot\share\prims\jni.cpp, line 516]
Event: 40828.566 Thread 0x000001eeaf78e6a0 Exception <a 'java/io/IOException'{0x00000000d585e7a8}> (0x00000000d585e7a8) 
thrown [s\src\hotspot\share\prims\jni.cpp, line 516]
Event: 40828.566 Thread 0x000001eeaf78e6a0 Exception <a 'java/io/IOException'{0x00000000d585eab8}> (0x00000000d585eab8) 
thrown [s\src\hotspot\share\prims\jni.cpp, line 516]
Event: 40828.602 Thread 0x000001eeaf78e6a0 Exception <a 'java/io/IOException'{0x00000000d558adb0}> (0x00000000d558adb0) 
thrown [s\src\hotspot\share\prims\jni.cpp, line 516]
Event: 40828.602 Thread 0x000001eeaf78e6a0 Exception <a 'java/io/IOException'{0x00000000d558b0c0}> (0x00000000d558b0c0) 
thrown [s\src\hotspot\share\prims\jni.cpp, line 516]
Event: 40828.602 Thread 0x000001eeaf78e6a0 Exception <a 'java/io/IOException'{0x00000000d558b3d0}> (0x00000000d558b3d0) 
thrown [s\src\hotspot\share\prims\jni.cpp, line 516]
Event: 40828.602 Thread 0x000001eeaf78e6a0 Exception <a 'java/io/IOException'{0x00000000d558ced8}> (0x00000000d558ced8) 
thrown [s\src\hotspot\share\prims\jni.cpp, line 516]
Event: 40828.602 Thread 0x000001eeaf78e6a0 Exception <a 'java/io/IOException'{0x00000000d558d1e8}> (0x00000000d558d1e8) 
thrown [s\src\hotspot\share\prims\jni.cpp, line 516]
Event: 40828.602 Thread 0x000001eeaf78e6a0 Exception <a 'java/io/IOException'{0x00000000d558d4f8}> (0x00000000d558d4f8) 
thrown [s\src\hotspot\share\prims\jni.cpp, line 516]
Event: 40828.651 Thread 0x000001eeaf78f510 Exception <a 'java/lang/NoSuchMethodError'{0x00000000d56980f0}: 'void java.lang.invoke.DirectMethodHandle$Holder.invokeInterface(java.lang.Object, java.lang.Object)'> (0x00000000d56980f0) 
thrown [s\src\hotspot\share\interpreter\linkResolver.cpp, line 759]
Event: 40828.671 Thread 0x000001eeaf78f510 Exception <a 'java/io/FileNotFoundException'{0x00000000d57312e0}> (0x00000000d57312e0) 
thrown [s\src\hotspot\share\prims\jni.cpp, line 516]
Event: 40828.700 Thread 0x000001eeaa3ebb60 Exception <a 'sun/nio/fs/WindowsException'{0x00000000d57a4510}> (0x00000000d57a4510) 
thrown [s\src\hotspot\share\prims\jni.cpp, line 516]
Event: 40828.717 Thread 0x000001eeaf78f9e0 Exception <a 'java/io/IOException'{0x00000000d579fb90}> (0x00000000d579fb90) 
thrown [s\src\hotspot\share\prims\jni.cpp, line 516]
Event: 40828.717 Thread 0x000001eeaf78f9e0 Exception <a 'java/io/IOException'{0x00000000d57c19d8}> (0x00000000d57c19d8) 
thrown [s\src\hotspot\share\prims\jni.cpp, line 516]
Event: 40828.717 Thread 0x000001eeaf78f9e0 Exception <a 'java/io/IOException'{0x00000000d57c1ce8}> (0x00000000d57c1ce8) 
thrown [s\src\hotspot\share\prims\jni.cpp, line 516]
Event: 40828.717 Thread 0x000001eeaf78f9e0 Exception <a 'java/io/IOException'{0x00000000d57ca760}> (0x00000000d57ca760) 
thrown [s\src\hotspot\share\prims\jni.cpp, line 516]
Event: 40828.717 Thread 0x000001eeaf78f9e0 Exception <a 'java/io/IOException'{0x00000000d57caa70}> (0x00000000d57caa70) 
thrown [s\src\hotspot\share\prims\jni.cpp, line 516]
Event: 40828.717 Thread 0x000001eeaf78f9e0 Exception <a 'java/io/IOException'{0x00000000d57cad80}> (0x00000000d57cad80) 
thrown [s\src\hotspot\share\prims\jni.cpp, line 516]

VM Operations (20 events):
Event: 35881.998 Executing VM operation: Cleanup done
Event: 37599.678 Executing VM operation: ParallelGCFailedAllocation
Event: 37599.680 Executing VM operation: ParallelGCFailedAllocation done
Event: 39482.579 Executing VM operation: Cleanup
Event: 39482.579 Executing VM operation: Cleanup done
Event: 40828.373 Executing VM operation: HandshakeAllThreads
Event: 40828.373 Executing VM operation: HandshakeAllThreads done
Event: 40828.374 Executing VM operation: Cleanup
Event: 40828.374 Executing VM operation: Cleanup done
Event: 40828.598 Executing VM operation: ParallelGCFailedAllocation
Event: 40828.601 Executing VM operation: ParallelGCFailedAllocation done
Event: 40828.667 Executing VM operation: HandshakeAllThreads
Event: 40828.667 Executing VM operation: HandshakeAllThreads done
Event: 40828.708 Executing VM operation: ParallelGCFailedAllocation
Event: 40828.710 Executing VM operation: ParallelGCFailedAllocation done
Event: 40828.719 Executing VM operation: ParallelGCFailedAllocation
Event: 40828.725 Executing VM operation: ParallelGCFailedAllocation done
Event: 40828.727 Executing VM operation: ParallelGCFailedAllocation
Event: 40828.909 Executing VM operation: ParallelGCFailedAllocation done
Event: 40828.909 Executing VM operation: HandshakeAllThreads

Events (20 events):
Event: 40828.369 loading class java/util/concurrent/Executors$DelegatedScheduledExecutorService done
Event: 40828.377 Thread 0x000001eeaf78ce90 Thread added: 0x000001eeaf78ce90
Event: 40828.434 Thread 0x000001eeaf78f510 Thread added: 0x000001eeaf78f510
Event: 40828.450 Thread 0x000001eeaf78bb50 Thread added: 0x000001eeaf78bb50
Event: 40828.452 loading class java/util/zip/Deflater
Event: 40828.456 loading class java/util/zip/Deflater done
Event: 40828.468 loading class java/util/zip/Deflater$DeflaterZStreamRef
Event: 40828.468 loading class java/util/zip/Deflater$DeflaterZStreamRef done
Event: 40828.497 Thread 0x000001eeaf78f510 Thread exited: 0x000001eeaf78f510
Event: 40828.497 Thread 0x000001eeaf78bb50 Thread exited: 0x000001eeaf78bb50
Event: 40828.512 loading class java/util/Collections$EmptyListIterator
Event: 40828.513 loading class java/util/Collections$EmptyListIterator done
Event: 40828.529 Thread 0x000001eeaf78bb50 Thread added: 0x000001eeaf78bb50
Event: 40828.536 Thread 0x000001eeaf78f510 Thread added: 0x000001eeaf78f510
Event: 40828.548 Thread 0x000001eeaf78d360 Thread added: 0x000001eeaf78d360
Event: 40828.566 Thread 0x000001eeaf78bb50 Thread exited: 0x000001eeaf78bb50
Event: 40828.567 Thread 0x000001eeaf78f510 Thread exited: 0x000001eeaf78f510
Event: 40828.567 Thread 0x000001eeaf78d360 Thread exited: 0x000001eeaf78d360
Event: 40828.608 Thread 0x000001eeaf78f510 Thread added: 0x000001eeaf78f510
Event: 40828.629 Thread 0x000001eeaf78bb50 Thread added: 0x000001eeaf78bb50


Dynamic libraries:
0x00007ff6ee0b0000 - 0x00007ff6ee0be000 	c:\Users\carly\.vscode\extensions\redhat.java-1.17.0-win32-x64\jre\17.0.6-win32-x86_64\bin\java.exe
0x00007ffef1a50000 - 0x00007ffef1c64000 	C:\WINDOWS\SYSTEM32\ntdll.dll
0x00007ffeefe40000 - 0x00007ffeeff02000 	C:\WINDOWS\System32\KERNEL32.DLL
0x00007ffeef1f0000 - 0x00007ffeef58c000 	C:\WINDOWS\System32\KERNELBASE.dll
0x00007ffeef6d0000 - 0x00007ffeef7e1000 	C:\WINDOWS\System32\ucrtbase.dll
0x00007ffed5a60000 - 0x00007ffed5a77000 	c:\Users\carly\.vscode\extensions\redhat.java-1.17.0-win32-x64\jre\17.0.6-win32-x86_64\bin\jli.dll
0x00007ffed0540000 - 0x00007ffed0559000 	c:\Users\carly\.vscode\extensions\redhat.java-1.17.0-win32-x64\jre\17.0.6-win32-x86_64\bin\VCRUNTIME140.dll
0x00007ffeefa10000 - 0x00007ffeefbbb000 	C:\WINDOWS\System32\USER32.dll
0x00007ffed5740000 - 0x00007ffed59ce000 	C:\WINDOWS\WinSxS\amd64_microsoft.windows.common-controls_6595b64144ccf1df_6.0.22621.608_none_a9444ca7c10bb01d\COMCTL32.dll
0x00007ffeeee90000 - 0x00007ffeeeeb6000 	C:\WINDOWS\System32\win32u.dll
0x00007ffef08f0000 - 0x00007ffef0919000 	C:\WINDOWS\System32\GDI32.dll
0x00007ffef04b0000 - 0x00007ffef0557000 	C:\WINDOWS\System32\msvcrt.dll
0x00007ffeeeec0000 - 0x00007ffeeefd3000 	C:\WINDOWS\System32\gdi32full.dll
0x00007ffeef150000 - 0x00007ffeef1ea000 	C:\WINDOWS\System32\msvcp_win.dll
0x00007ffef0b10000 - 0x00007ffef0b41000 	C:\WINDOWS\System32\IMM32.DLL
0x00007ffedcd10000 - 0x00007ffedcd1c000 	c:\Users\carly\.vscode\extensions\redhat.java-1.17.0-win32-x64\jre\17.0.6-win32-x86_64\bin\vcruntime140_1.dll
0x00007ffe445e0000 - 0x00007ffe44671000 	c:\Users\carly\.vscode\extensions\redhat.java-1.17.0-win32-x64\jre\17.0.6-win32-x86_64\bin\msvcp140.dll
0x00007ffe18420000 - 0x00007ffe19067000 	c:\Users\carly\.vscode\extensions\redhat.java-1.17.0-win32-x64\jre\17.0.6-win32-x86_64\bin\server\jvm.dll
0x00007ffeefd90000 - 0x00007ffeefe3e000 	C:\WINDOWS\System32\ADVAPI32.dll
0x00007ffeef960000 - 0x00007ffeefa04000 	C:\WINDOWS\System32\sechost.dll
0x00007ffef13f0000 - 0x00007ffef1507000 	C:\WINDOWS\System32\RPCRT4.dll
0x00007ffee61d0000 - 0x00007ffee6204000 	C:\WINDOWS\SYSTEM32\WINMM.dll
0x00007ffed70d0000 - 0x00007ffed70d9000 	C:\WINDOWS\SYSTEM32\WSOCK32.dll
0x00007ffee7bc0000 - 0x00007ffee7bca000 	C:\WINDOWS\SYSTEM32\VERSION.dll
0x00007ffef1990000 - 0x00007ffef1a01000 	C:\WINDOWS\System32\ws2_32.DLL
0x00007ffeedee0000 - 0x00007ffeedef8000 	C:\WINDOWS\SYSTEM32\kernel.appcore.dll
0x00007ffed5a50000 - 0x00007ffed5a5a000 	c:\Users\carly\.vscode\extensions\redhat.java-1.17.0-win32-x64\jre\17.0.6-win32-x86_64\bin\jimage.dll
0x00007ffeec840000 - 0x00007ffeeca6e000 	C:\WINDOWS\SYSTEM32\DBGHELP.DLL
0x00007ffef0560000 - 0x00007ffef08e9000 	C:\WINDOWS\System32\combase.dll
0x00007ffef0090000 - 0x00007ffef0167000 	C:\WINDOWS\System32\OLEAUT32.dll
0x00007ffed6ff0000 - 0x00007ffed7022000 	C:\WINDOWS\SYSTEM32\dbgcore.DLL
0x00007ffeef650000 - 0x00007ffeef6cb000 	C:\WINDOWS\System32\bcryptPrimitives.dll
0x00007ffed59d0000 - 0x00007ffed59de000 	c:\Users\carly\.vscode\extensions\redhat.java-1.17.0-win32-x64\jre\17.0.6-win32-x86_64\bin\instrument.dll
0x00007ffeb0960000 - 0x00007ffeb0985000 	c:\Users\carly\.vscode\extensions\redhat.java-1.17.0-win32-x64\jre\17.0.6-win32-x86_64\bin\java.dll
0x00007ffec3a20000 - 0x00007ffec3a38000 	c:\Users\carly\.vscode\extensions\redhat.java-1.17.0-win32-x64\jre\17.0.6-win32-x86_64\bin\zip.dll
0x00007ffef0c00000 - 0x00007ffef13f0000 	C:\WINDOWS\System32\SHELL32.dll
0x00007ffeecea0000 - 0x00007ffeed76d000 	C:\WINDOWS\SYSTEM32\windows.storage.dll
0x00007ffeecd60000 - 0x00007ffeece9e000 	C:\WINDOWS\SYSTEM32\wintypes.dll
0x00007ffeef860000 - 0x00007ffeef951000 	C:\WINDOWS\System32\SHCORE.dll
0x00007ffef0180000 - 0x00007ffef01de000 	C:\WINDOWS\System32\shlwapi.dll
0x00007ffeeedc0000 - 0x00007ffeeede1000 	C:\WINDOWS\SYSTEM32\profapi.dll
0x00007ffeafd50000 - 0x00007ffeafd69000 	C:\Users\carly\.vscode\extensions\redhat.java-1.17.0-win32-x64\jre\17.0.6-win32-x86_64\bin\net.dll
0x00007ffee7d10000 - 0x00007ffee7e47000 	C:\WINDOWS\SYSTEM32\WINHTTP.dll
0x00007ffeee3c0000 - 0x00007ffeee429000 	C:\WINDOWS\system32\mswsock.dll
0x00007ffeaf5e0000 - 0x00007ffeaf5f5000 	C:\Users\carly\.vscode\extensions\redhat.java-1.17.0-win32-x64\jre\17.0.6-win32-x86_64\bin\nio.dll
0x00007ffeccdc0000 - 0x00007ffeccdd0000 	c:\Users\carly\.vscode\extensions\redhat.java-1.17.0-win32-x64\jre\17.0.6-win32-x86_64\bin\verify.dll
0x00007ffea68e0000 - 0x00007ffea691e000 	C:\Users\carly\AppData\Roaming\Code\User\globalStorage\redhat.java\1.17.0\config_win\org.eclipse.equinox.launcher\org.eclipse.equinox.launcher.win32.win32.x86_64_1.2.700.v20221108-1024\eclipse_11801.dll
0x00007ffef01e0000 - 0x00007ffef037c000 	C:\WINDOWS\System32\ole32.dll
0x00007ffeee620000 - 0x00007ffeee63b000 	C:\WINDOWS\SYSTEM32\CRYPTSP.dll
0x00007ffeede50000 - 0x00007ffeede85000 	C:\WINDOWS\system32\rsaenh.dll
0x00007ffeee4c0000 - 0x00007ffeee4e8000 	C:\WINDOWS\SYSTEM32\USERENV.dll
0x00007ffeee860000 - 0x00007ffeee888000 	C:\WINDOWS\SYSTEM32\bcrypt.dll
0x00007ffeee640000 - 0x00007ffeee64c000 	C:\WINDOWS\SYSTEM32\CRYPTBASE.dll
0x00007ffeeda00000 - 0x00007ffeeda2d000 	C:\WINDOWS\SYSTEM32\IPHLPAPI.DLL
0x00007ffef0170000 - 0x00007ffef0179000 	C:\WINDOWS\System32\NSI.dll
0x00007ffee6060000 - 0x00007ffee6079000 	C:\WINDOWS\SYSTEM32\dhcpcsvc6.DLL
0x00007ffee6000000 - 0x00007ffee601f000 	C:\WINDOWS\SYSTEM32\dhcpcsvc.DLL
0x00007ffeeda30000 - 0x00007ffeedb23000 	C:\WINDOWS\SYSTEM32\DNSAPI.dll
0x00007ffea5510000 - 0x00007ffea5555000 	C:\Users\carly\AppData\Local\Temp\jna-94431329\jna11652600779162863711.dll
0x00007ffef0080000 - 0x00007ffef0088000 	C:\WINDOWS\System32\PSAPI.DLL
0x00007ffeedf00000 - 0x00007ffeedf34000 	C:\WINDOWS\SYSTEM32\ntmarta.dll

dbghelp: loaded successfully - version: 4.0.5 - missing functions: none
symbol engine: initialized successfully - sym options: 0x614 - pdb path: .;c:\Users\carly\.vscode\extensions\redhat.java-1.17.0-win32-x64\jre\17.0.6-win32-x86_64\bin;C:\WINDOWS\SYSTEM32;C:\WINDOWS\WinSxS\amd64_microsoft.windows.common-controls_6595b64144ccf1df_6.0.22621.608_none_a9444ca7c10bb01d;c:\Users\carly\.vscode\extensions\redhat.java-1.17.0-win32-x64\jre\17.0.6-win32-x86_64\bin\server;C:\Users\carly\AppData\Roaming\Code\User\globalStorage\redhat.java\1.17.0\config_win\org.eclipse.equinox.launcher\org.eclipse.equinox.launcher.win32.win32.x86_64_1.2.700.v20221108-1024;C:\Users\carly\AppData\Local\Temp\jna-94431329

VM Arguments:
jvm_args: --add-modules=ALL-SYSTEM --add-opens=java.base/java.util=ALL-UNNAMED --add-opens=java.base/java.lang=ALL-UNNAMED --add-opens=java.base/sun.nio.fs=ALL-UNNAMED -Declipse.application=org.eclipse.jdt.ls.core.id1 -Dosgi.bundles.defaultStartLevel=4 -Declipse.product=org.eclipse.jdt.ls.core.product -Djava.import.generatesMetadataFilesAtProjectRoot=false -Dfile.encoding=utf8 -XX:+UseParallelGC -XX:GCTimeRatio=4 -XX:AdaptiveSizePolicyWeight=90 -Dsun.zip.disableMemoryMapping=true -Xmx2G -Xms100m -Xlog:disable -javaagent:c:\Users\carly\.vscode\extensions\redhat.java-1.17.0-win32-x64\lombok\lombok-1.18.24.jar -XX:+HeapDumpOnOutOfMemoryError -XX:HeapDumpPath=c:\Users\carly\AppData\Roaming\Code\User\workspaceStorage\881cdab1a413fb30fcea5dbc438927fe\redhat.java -Daether.dependencyCollector.impl=bf 
java_command: c:\Users\carly\.vscode\extensions\redhat.java-1.17.0-win32-x64\server\plugins\org.eclipse.equinox.launcher_1.6.400.v20210924-0641.jar -configuration c:\Users\carly\AppData\Roaming\Code\User\globalStorage\redhat.java\1.17.0\config_win -data c:\Users\carly\AppData\Roaming\Code\User\workspaceStorage\881cdab1a413fb30fcea5dbc438927fe\redhat.java\jdt_ws
java_class_path (initial): c:\Users\carly\.vscode\extensions\redhat.java-1.17.0-win32-x64\server\plugins\org.eclipse.equinox.launcher_1.6.400.v20210924-0641.jar
Launcher Type: SUN_STANDARD

[Global flags]
    uintx AdaptiveSizePolicyWeight                 = 90                                        {product} {command line}
     intx CICompilerCount                          = 4                                         {product} {ergonomic}
    uintx GCTimeRatio                              = 4                                         {product} {command line}
     bool HeapDumpOnOutOfMemoryError               = true                                   {manageable} {command line}
    ccstr HeapDumpPath                             = c:\Users\carly\AppData\Roaming\Code\User\workspaceStorage\881cdab1a413fb30fcea5dbc438927fe\redhat.java         {manageable} {command line}
   size_t InitialHeapSize                          = 104857600                                 {product} {command line}
   size_t MaxHeapSize                              = 2147483648                                {product} {command line}
   size_t MaxNewSize                               = 715653120                                 {product} {ergonomic}
   size_t MinHeapDeltaBytes                        = 524288                                    {product} {ergonomic}
   size_t MinHeapSize                              = 104857600                                 {product} {command line}
   size_t NewSize                                  = 34603008                                  {product} {ergonomic}
    uintx NonNMethodCodeHeapSize                   = 5839372                                {pd product} {ergonomic}
    uintx NonProfiledCodeHeapSize                  = 122909434                              {pd product} {ergonomic}
   size_t OldSize                                  = 70254592                                  {product} {ergonomic}
    uintx ProfiledCodeHeapSize                     = 122909434                              {pd product} {ergonomic}
    uintx ReservedCodeCacheSize                    = 251658240                              {pd product} {ergonomic}
     bool SegmentedCodeCache                       = true                                      {product} {ergonomic}
   size_t SoftMaxHeapSize                          = 2147483648                             {manageable} {ergonomic}
     bool UseCompressedClassPointers               = true                           {product lp64_product} {ergonomic}
     bool UseCompressedOops                        = true                           {product lp64_product} {ergonomic}
     bool UseLargePagesIndividualAllocation        = false                                  {pd product} {ergonomic}
     bool UseParallelGC                            = true                                      {product} {command line}

Logging:
Log output configuration:
 #0: stdout all=off uptime,level,tags
 #1: stderr all=off uptime,level,tags

Environment Variables:
PATH=C:\Program Files (x86)\Common Files\Oracle\Java\javapath;C:\Program Files\Microsoft\jdk-11.0.12.7-hotspot\bin;C:\WINDOWS\system32;C:\WINDOWS;C:\WINDOWS\System32\Wbem;C:\WINDOWS\System32\WindowsPowerShell\v1.0\;C:\WINDOWS\System32\OpenSSH\;C:\Program Files\dotnet\;C:\WINDOWS\system32;C:\WINDOWS;C:\WINDOWS\System32\Wbem;C:\WINDOWS\System32\WindowsPowerShell\v1.0\;C:\WINDOWS\System32\OpenSSH\;C:\Program Files\Git\cmd;C:\flutter\bin;C:\Program Files\nodejs\;C:\Users\carly\AppData\Local\Programs\Python\Python39\Scripts\;C:\Users\carly\AppData\Local\Programs\Python\Python39\;C:\Users\carly\AppData\Local\Microsoft\WindowsApps;C:\Users\carly\.dotnet\tools;C:\Users\carly\AppData\Local\Programs\Microsoft VS Code\bin;C:\Users\carly\AppData\Roaming\npm;C:\Users\carly\AppData\Local\GitHubDesktop\bin
USERNAME=carly
OS=Windows_NT
PROCESSOR_IDENTIFIER=AMD64 Family 23 Model 96 Stepping 1, AuthenticAMD
TMP=C:\Users\carly\AppData\Local\Temp
TEMP=C:\Users\carly\AppData\Local\Temp



---------------  S Y S T E M  ---------------

OS:
 Windows 11 , 64 bit Build 22621 (10.0.22621.1485)
OS uptime: 0 days 17:45 hours

CPU: total 8 (initial active 8) (8 cores per cpu, 1 threads per core) family 23 model 96 stepping 1 microcode 0x0, cx8, cmov, fxsr, mmx, 3dnowpref, sse, sse2, sse3, ssse3, sse4a, sse4.1, sse4.2, popcnt, lzcnt, tsc, tscinvbit, avx, avx2, aes, clmul, bmi1, bmi2, adx, sha, fma, vzeroupper, clflush, clflushopt

Memory: 4k page, system-wide physical 32140M (20191M free)
TotalPageFile size 37004M (AvailPageFile size 22509M)
current process WorkingSet (physical memory assigned to process): 711M, peak: 803M
current process commit charge ("private bytes"): 640M, peak: 776M

vm_info: OpenJDK 64-Bit Server VM (17.0.6+10) for windows-amd64 JRE (17.0.6+10), built on Jan 18 2023 10:08:59 by "temurin" with MS VC++ 16.7 (VS2019)

END.
